\BOOKMARK [0][-]{chapter*.2}{\376\377\004\022\004\062\004\065\004\064\004\065\004\075\004\070\004\065}{}% 1
\BOOKMARK [0][-]{chapter.1}{\376\377\004\034\004\060\004\102\004\065\004\074\004\060\004\102\004\070\004\107\004\065\004\101\004\072\004\060\004\117\000\040\004\076\004\101\004\075\004\076\004\062\004\060\000\040\004\063\004\060\004\103\004\101\004\101\004\076\004\062\004\101\004\072\004\076\004\063\004\076\000\040\004\101\004\077\004\073\004\060\004\102\004\102\004\070\004\075\004\063\004\060}{}% 2
\BOOKMARK [1][-]{section.1.1}{\376\377\004\037\004\060\004\100\004\060\004\074\004\065\004\102\004\100\004\070\004\067\004\060\004\106\004\070\004\117\000\040\004\063\004\060\004\103\004\101\004\101\004\076\004\062\004\113\004\105\000\040\004\101\004\077\004\073\004\060\004\102\004\102\004\076\004\062}{chapter.1}% 3
\BOOKMARK [1][-]{section.1.2}{\376\377\004\037\004\100\004\065\004\076\004\061\004\100\004\060\004\067\004\076\004\062\004\060\004\075\004\070\004\117\000\040\004\070\000\040\004\077\004\100\004\076\004\065\004\072\004\106\004\070\004\117}{chapter.1}% 4
\BOOKMARK [2][-]{subsection.1.2.1}{\376\377\004\034\004\070\004\100\004\076\004\062\004\076\004\065\000\040\004\070\000\040\004\062\004\070\004\064\004\076\004\062\004\076\004\065\000\040\004\077\004\100\004\076\004\101\004\102\004\100\004\060\004\075\004\101\004\102\004\062\004\076}{section.1.2}% 5
\BOOKMARK [2][-]{subsection.1.2.2}{\376\377\004\037\004\100\004\076\004\065\004\106\004\070\004\100\004\076\004\062\004\060\004\075\004\070\004\065\000\040\004\075\004\060\000\040\004\070\004\067\004\076\004\061\004\100\004\060\004\066\004\065\004\075\004\070\004\065}{section.1.2}% 6
\BOOKMARK [1][-]{section.1.3}{\376\377\004\023\004\100\004\060\004\064\004\070\004\065\004\075\004\102\004\113\000\040\004\064\004\073\004\117\000\040\004\076\004\077\004\102\004\070\004\074\004\070\004\067\004\060\004\106\004\070\004\070}{chapter.1}% 7
\BOOKMARK [2][-]{subsection.1.3.1}{\376\377\004\047\004\060\004\101\004\102\004\075\004\113\004\065\000\040\004\077\004\100\004\076\004\070\004\067\004\062\004\076\004\064\004\075\004\113\004\065\000\040\004\070\000\040\004\077\004\100\004\060\004\062\004\070\004\073\004\076\000\040\004\106\004\065\004\077\004\076\004\107\004\072\004\070}{section.1.3}% 8
\BOOKMARK [2][-]{subsection.1.3.2}{\376\377\004\023\004\100\004\060\004\064\004\070\004\065\004\075\004\102\004\113\000\040\004\077\004\076\000\040\004\072\004\062\004\060\004\102\004\065\004\100\004\075\004\070\004\076\004\075\004\103\000\040\004\077\004\076\004\062\004\076\004\100\004\076\004\102\004\060}{section.1.3}% 9
\BOOKMARK [2][-]{subsection.1.3.3}{\376\377\004\023\004\100\004\060\004\064\004\070\004\065\004\075\004\102\004\113\000\040\004\077\004\076\000\040\004\074\004\060\004\101\004\110\004\102\004\060\004\061\004\103}{section.1.3}% 10
\BOOKMARK [1][-]{section.1.4}{\376\377\004\020\004\073\004\063\004\076\004\100\004\070\004\102\004\074\000\040\004\076\004\077\004\102\004\070\004\074\004\070\004\067\004\060\004\106\004\070\004\070}{chapter.1}% 11
\BOOKMARK [0][-]{chapter.2}{\376\377\004\030\004\101\004\077\004\076\004\073\004\114\004\067\004\076\004\062\004\060\004\075\004\070\004\065\000\040\004\063\004\060\004\103\004\101\004\101\004\076\004\062\004\101\004\072\004\076\004\063\004\076\000\040\004\101\004\077\004\073\004\060\004\102\004\102\004\070\004\075\004\063\004\060\000\040\004\064\004\073\004\117\000\040\004\102\004\065\004\072\004\101\004\102\004\076\004\062\004\076\000-\004\103\004\077\004\100\004\060\004\062\004\073\004\117\004\065\004\074\004\076\004\063\004\076\000\040\004\100\004\065\004\075\004\064\004\065\004\100\004\070\004\075\004\063\004\060}{}% 12
\BOOKMARK [1][-]{section.2.1}{\376\377\004\020\004\100\004\105\004\070\004\102\004\065\004\072\004\102\004\103\004\100\004\060\000\040\004\100\004\065\004\060\004\073\004\070\004\067\004\060\004\106\004\070\004\070}{chapter.2}% 13
\BOOKMARK [1][-]{section.2.2}{\376\377\004\022\004\113\004\061\004\076\004\100\000\040\004\061\004\070\004\061\004\073\004\070\004\076\004\102\004\065\004\072\000\040\004\070\000\040\004\070\004\075\004\101\004\102\004\100\004\103\004\074\004\065\004\075\004\102\004\076\004\062}{chapter.2}% 14
\BOOKMARK [1][-]{section.2.3}{\376\377\004\041\004\076\004\067\004\064\004\060\004\075\004\070\004\065\000\040\004\070\000\040\004\070\004\075\004\070\004\106\004\070\004\060\004\073\004\070\004\067\004\060\004\106\004\070\004\117\000\040\004\063\004\060\004\103\004\101\004\101\004\070\004\060\004\075}{chapter.2}% 15
\BOOKMARK [2][-]{subsection.2.3.1}{\376\377\004\023\004\065\004\075\004\065\004\100\004\060\004\106\004\070\004\117\000\040\004\075\004\060\004\107\004\060\004\073\004\114\004\075\004\076\004\071\000\040\004\101\004\106\004\065\004\075\004\113}{section.2.3}% 16
\BOOKMARK [1][-]{section.2.4}{\376\377\004\030\004\075\004\102\004\065\004\063\004\100\004\060\004\106\004\070\004\117\000\040\000C\000L\000I\000P}{chapter.2}% 17
\BOOKMARK [2][-]{subsection.2.4.1}{\376\377\004\036\004\061\004\100\004\060\004\061\004\076\004\102\004\072\004\060\000\040\004\115\004\074\004\061\004\065\004\064\004\064\004\070\004\075\004\063\004\076\004\062}{section.2.4}% 18
\BOOKMARK [1][-]{section.2.5}{\376\377\004\037\004\060\004\071\004\077\004\073\004\060\004\071\004\075\000\040\004\100\004\065\004\075\004\064\004\065\004\100\004\070\004\075\004\063\004\060}{chapter.2}% 19
\BOOKMARK [1][-]{section.2.6}{\376\377\004\036\004\077\004\102\004\070\004\074\004\070\004\067\004\060\004\106\004\070\004\117\000\040\004\070\000\040\004\076\004\061\004\103\004\107\004\065\004\075\004\070\004\065}{chapter.2}% 20
\BOOKMARK [1][-]{section.2.7}{\376\377\004\037\004\100\004\070\004\074\004\065\004\100\000\040\004\070\004\101\004\077\004\076\004\073\004\114\004\067\004\076\004\062\004\060\004\075\004\070\004\117}{chapter.2}% 21
\BOOKMARK [1][-]{section.2.8}{\376\377\004\037\004\100\004\070\004\074\004\065\004\075\004\065\004\075\004\070\004\065\000\040\004\102\004\065\004\072\004\101\004\102\004\076\004\062\004\076\000-\004\103\004\077\004\100\004\060\004\062\004\073\004\117\004\065\004\074\004\076\004\063\004\076\000\040\004\101\004\077\004\073\004\060\004\102\004\102\004\070\004\075\004\063\004\060}{chapter.2}% 22
\BOOKMARK [2][-]{subsection.2.8.1}{\376\377\004\035\004\060\004\101\004\102\004\100\004\076\004\071\004\072\004\060\000\040\004\070\000\040\004\067\004\060\004\077\004\103\004\101\004\072\000\040\004\076\004\061\004\103\004\107\004\065\004\075\004\070\004\117}{section.2.8}% 23
\BOOKMARK [2][-]{subsection.2.8.2}{\376\377\004\040\004\065\004\067\004\103\004\073\004\114\004\102\004\060\004\102\000\040\004\070\000\040\004\060\004\075\004\060\004\073\004\070\004\067\000\040\004\074\004\076\004\064\004\065\004\073\004\070}{section.2.8}% 24
\BOOKMARK [0][-]{chapter*.4}{\376\377\004\027\004\060\004\072\004\073\004\116\004\107\004\065\004\075\004\070\004\065}{}% 25
\BOOKMARK [0][-]{chapter*.5}{\376\377\004\041\004\077\004\070\004\101\004\076\004\072\000\040\000\040\004\070\004\101\004\077\004\076\004\073\004\114\004\067\004\076\004\062\004\060\004\075\004\075\004\113\004\105\000\040\000\040\004\070\004\101\004\102\004\076\004\107\004\075\004\070\004\072\004\076\004\062}{}% 26
