\BOOKMARK [1][-]{section*.2}{}{}% 1
\BOOKMARK [1][-]{section.1}{\376\377\0001\000\040\004\022\004\062\004\065\004\064\004\065\004\075\004\070\004\065}{}% 2
\BOOKMARK [1][-]{section.2}{\376\377\0002\000\040\004\041\004\062\004\117\004\067\004\060\004\075\004\075\004\113\004\065\000\040\004\100\004\060\004\061\004\076\004\102\004\113}{}% 3
\BOOKMARK [2][-]{subsection.2.1}{\376\377\0002\000.\0001\000\040\004\042\004\100\004\060\004\064\004\070\004\106\004\070\004\076\004\075\004\075\004\060\004\117\000\040\004\100\004\065\004\072\004\076\004\075\004\101\004\102\004\100\004\103\004\072\004\106\004\070\004\117\000\040\004\101\004\106\004\065\004\075\000\040\004\070\000\040\004\100\004\065\004\075\004\064\004\065\004\100\004\070\004\075\004\063}{section.2}% 4
\BOOKMARK [2][-]{subsection.2.2}{\376\377\0002\000.\0002\000\040\004\035\004\065\004\071\004\100\004\076\004\075\004\075\004\113\004\071\000\040\004\100\004\065\004\075\004\064\004\065\004\100\004\070\004\075\004\063\000\040\004\070\000\040\004\100\004\060\004\064\004\070\004\103\004\101\004\075\004\113\004\065\000\040\004\077\004\076\004\073\004\117}{section.2}% 5
\BOOKMARK [2][-]{subsection.2.3}{\376\377\0002\000.\0003\000\040\004\040\004\065\004\075\004\064\004\065\004\100\004\070\004\075\004\063\000\040\004\075\004\060\000\040\004\076\004\101\004\075\004\076\004\062\004\065\000\040\004\102\004\076\004\107\004\065\004\072\000\040\004\070\000\040\004\100\004\060\004\064\004\070\004\103\004\101\004\075\004\113\004\065\000\040\004\077\004\076\004\073\004\117}{section.2}% 6
\BOOKMARK [1][-]{section.3}{\376\377\0003\000\040\004\036\004\061\004\067\004\076\004\100}{}% 7
\BOOKMARK [1][-]{section.4}{\376\377\0004\000\040\004\024\004\070\004\104\004\104\004\065\004\100\004\065\004\075\004\106\004\070\004\100\004\103\004\065\004\074\004\076\004\065\000\040\0003\000D\000-\004\101\004\077\004\073\004\060\004\102\004\102\004\070\004\075\004\063\000\040\004\023\004\060\004\103\004\101\004\101\004\070\004\060\004\075}{}% 8
\BOOKMARK [1][-]{section.5}{\376\377\0005\000\040\004\036\004\077\004\102\004\070\004\074\004\070\004\067\004\060\004\106\004\070\004\117\000\040\004\101\000\040\004\060\004\064\004\060\004\077\004\102\004\070\004\062\004\075\004\113\004\074\000\040\004\072\004\076\004\075\004\102\004\100\004\076\004\073\004\065\004\074\000\040\004\077\004\073\004\076\004\102\004\075\004\076\004\101\004\102\004\070\000\040\0003\000D\000\040\004\023\004\060\004\103\004\101\004\101\004\070\004\060\004\075}{}% 9
\BOOKMARK [2][-]{subsection.5.1}{\376\377\0005\000.\0001\000\040\004\036\004\077\004\102\004\070\004\074\004\070\004\067\004\060\004\106\004\070\004\117}{section.5}% 10
\BOOKMARK [2][-]{subsection.5.2}{\376\377\0005\000.\0002\000\040\004\020\004\064\004\060\004\077\004\102\004\070\004\062\004\075\004\113\004\071\000\040\004\072\004\076\004\075\004\102\004\100\004\076\004\073\004\114\000\040\004\023\004\060\004\103\004\101\004\101\004\070\004\060\004\075}{section.5}% 11
\BOOKMARK [1][-]{section.6}{\376\377\0006\000\040\004\021\004\113\004\101\004\102\004\100\004\113\004\071\000\040\004\064\004\070\004\104\004\104\004\065\004\100\004\065\004\075\004\106\004\070\004\100\004\103\004\065\004\074\004\113\004\071\000\040\004\100\004\060\004\101\004\102\004\065\004\100\004\070\004\067\004\060\004\102\004\076\004\100\000\040\004\064\004\073\004\117\000\040\004\023\004\060\004\103\004\101\004\101\004\070\004\060\004\075}{}% 12
\BOOKMARK [1][-]{section.7}{\376\377\0007\000\040\004\036\004\061\004\101\004\103\004\066\004\064\004\065\004\075\004\070\004\065\000\040\004\100\004\065\004\067\004\103\004\073\004\114\004\102\004\060\004\102\004\076\004\062\000\040\004\070\000\040\004\076\004\106\004\065\004\075\004\072\004\060}{}% 13
\BOOKMARK [2][-]{subsection.7.1}{\376\377\0007\000.\0001\000\040\004\040\004\065\004\060\004\073\004\070\004\067\004\060\004\106\004\070\004\117}{section.7}% 14
\BOOKMARK [2][-]{subsection.7.2}{\376\377\0007\000.\0002\000\040\004\040\004\065\004\067\004\103\004\073\004\114\004\102\004\060\004\102\004\113\000\040\004\070\000\040\004\076\004\106\004\065\004\075\004\072\004\060}{section.7}% 15
\BOOKMARK [2][-]{subsection.7.3}{\376\377\0007\000.\0003\000\040\004\030\004\101\004\101\004\073\004\065\004\064\004\076\004\062\004\060\004\075\004\070\004\117\000\040\004\077\004\076\000\040\004\103\004\064\004\060\004\073\004\065\004\075\004\070\004\116\000\040\004\072\004\076\004\074\004\077\004\076\004\075\004\065\004\075\004\102\004\076\004\062}{section.7}% 16
\BOOKMARK [2][-]{subsection.7.4}{\376\377\0007\000.\0004\000\040\004\036\004\063\004\100\004\060\004\075\004\070\004\107\004\065\004\075\004\070\004\117}{section.7}% 17
\BOOKMARK [1][-]{section.8}{\376\377\0008\000\040\004\036\004\061\004\101\004\103\004\066\004\064\004\065\004\075\004\070\004\065\000\040\004\070\000\040\004\062\004\113\004\062\004\076\004\064\004\113}{}% 18
\BOOKMARK [1][-]{section*.24}{\376\377\000A\000c\000k\000n\000o\000w\000l\000e\000d\000g\000m\000e\000n\000t\000s}{}% 19
\BOOKMARK [1][-]{section*.26}{\376\377\000\040}{}% 20
\BOOKMARK [1][-]{appendix.A}{\376\377\000A\000\040\004\037\004\076\004\064\004\100\004\076\004\061\004\075\004\076\004\101\004\102\004\070\000\040\004\062\004\113\004\107\004\070\004\101\004\073\004\065\004\075\004\070\004\117\000\040\004\063\004\100\004\060\004\064\004\070\004\065\004\075\004\102\004\076\004\062}{}% 21
\BOOKMARK [1][-]{appendix.B}{\376\377\000B\000\040\004\020\004\073\004\063\004\076\004\100\004\070\004\102\004\074\000\040\004\076\004\077\004\102\004\070\004\074\004\070\004\067\004\060\004\106\004\070\004\070\000\040\004\070\000\040\004\103\004\062\004\065\004\073\004\070\004\107\004\065\004\075\004\070\004\117\000\040\004\077\004\073\004\076\004\102\004\075\004\076\004\101\004\102\004\070}{}% 22
\BOOKMARK [1][-]{appendix.C}{\376\377\000C\000\040\004\037\004\076\004\064\004\100\004\076\004\061\004\075\004\076\004\101\004\102\004\070\000\040\004\100\004\060\004\101\004\102\004\065\004\100\004\070\004\067\004\060\004\102\004\076\004\100\004\060}{}% 23
\BOOKMARK [1][-]{appendix.D}{\376\377\000D\000\040\004\034\004\065\004\102\004\100\004\070\004\072\004\070\000\040\004\076\004\110\004\070\004\061\004\076\004\072\000\040\004\064\004\073\004\117\000\040\004\072\004\060\004\066\004\064\004\076\004\071\000\040\004\101\004\106\004\065\004\075\004\113}{}% 24
